#
# There is insufficient memory for the Java Runtime Environment to continue.
# Native memory allocation (mmap) failed to map 134217728 bytes for G1 virtual space
# Possible reasons:
#   The system is out of physical RAM or swap space
#   The process is running with CompressedOops enabled, and the Java Heap may be blocking the growth of the native heap
# Possible solutions:
#   Reduce memory load on the system
#   Increase physical memory or swap space
#   Check if swap backing store is full
#   Decrease Java heap size (-Xmx/-Xms)
#   Decrease number of Java threads
#   Decrease Java thread stack sizes (-Xss)
#   Set larger code cache with -XX:ReservedCodeCacheSize=
#   JVM is running with Unscaled Compressed Oops mode in which the Java heap is
#     placed in the first 4GB address space. The Java Heap base address is the
#     maximum limit for the native heap growth. Please use -XX:HeapBaseMinAddress
#     to set the Java Heap base and to place the Java Heap above 4GB virtual address.
# This output file may be truncated or incomplete.
#
#  Out of Memory Error (./open/src/hotspot/os/windows/os_windows.cpp:3472), pid=15900, tid=3704
#
# JRE version:  (15.0.1+9) (build )
# Java VM: Java HotSpot(TM) 64-Bit Server VM (15.0.1+9-18, mixed mode, sharing, tiered, compressed oops, g1 gc, windows-amd64)
# No core dump will be written. Minidumps are not enabled by default on client versions of Windows
#

---------------  S U M M A R Y ------------

Command Line: -ea -Didea.test.cyclic.buffer.size=1048576 -javaagent:D:\Program Files\JetBrains\IntelliJ IDEA 2020.3.1\lib\idea_rt.jar=59130:D:\Program Files\JetBrains\IntelliJ IDEA 2020.3.1\bin -Dfile.encoding=UTF-8 com.intellij.rt.junit.JUnitStarter -ideVersion5 -junit4 com.bjpowernode.StudentTest,studentTest

Host: Intel(R) Core(TM) i5-8250U CPU @ 1.60GHz, 8 cores, 7G,  Windows 10 , 64 bit Build 18362 (10.0.18362.1110)
Time: Thu Jan 14 19:28:39 2021 ?D1ú±ê×?ê±?? elapsed time: 0.021089 seconds (0d 0h 0m 0s)

---------------  T H R E A D  ---------------

Current thread (0x0000020c6a5723a0):  JavaThread "Unknown thread" [_thread_in_vm, id=3704, stack(0x000000cb3dd00000,0x000000cb3de00000)]

Stack: [0x000000cb3dd00000,0x000000cb3de00000]
Native frames: (J=compiled Java code, j=interpreted, Vv=VM code, C=native code)
V  [jvm.dll+0x62ae9a]
V  [jvm.dll+0x781389]
V  [jvm.dll+0x782ae3]
V  [jvm.dll+0x783143]
V  [jvm.dll+0x216265]
V  [jvm.dll+0x6281d9]
V  [jvm.dll+0x61cd15]
V  [jvm.dll+0x2d01fd]
V  [jvm.dll+0x2d0062]
V  [jvm.dll+0x2d603c]
V  [jvm.dll+0x325b2a]
V  [jvm.dll+0x3251f4]
V  [jvm.dll+0x2a717a]
V  [jvm.dll+0x2a8318]
V  [jvm.dll+0x75e101]
V  [jvm.dll+0x3343e4]
V  [jvm.dll+0x73e826]
V  [jvm.dll+0x3b7777]
V  [jvm.dll+0x3b9201]
C  [jli.dll+0x52fb]
C  [ucrtbase.dll+0x210b2]
C  [KERNEL32.DLL+0x17c24]
C  [ntdll.dll+0x6d4d1]


---------------  P R O C E S S  ---------------

Threads class SMR info:
_java_thread_list=0x00007ffd724d4ff0, length=0, elements={
}

Java Threads: ( => current thread )

Other Threads:
  0x0000020c6a5a8c60 GCTaskThread "GC Thread#0" [stack: 0x000000cb3de00000,0x000000cb3df00000] [id=15340]
  0x0000020c6a5bcaa0 ConcurrentGCThread "G1 Main Marker" [stack: 0x000000cb3df00000,0x000000cb3e000000] [id=5988]
  0x0000020c6a5bde30 ConcurrentGCThread "G1 Conc#0" [stack: 0x000000cb3e000000,0x000000cb3e100000] [id=14416]

[error occurred during error reporting (printing all threads), id 0xc0000005, EXCEPTION_ACCESS_VIOLATION (0xc0000005) at pc=0x00007ffd71cc8047]

VM state: not at safepoint (not fully initialized)

VM Mutex/Monitor currently owned by a thread:  ([mutex/lock_event])
[0x0000020c6a56c7d0] Heap_lock - owner thread: 0x0000020c6a5723a0

Heap address: 0x0000000081a00000, size: 2022 MB, Compressed Oops mode: 32-bit
CDS archive(s) mapped at: [0x0000000000000000-0x0000000000000000-0x0000000000000000), size 0, SharedBaseAddress: 0x0000000800000000, ArchiveRelocationMode: 0.
Narrow klass base: 0x0000000000000000, Narrow klass shift: 0, Narrow klass range: 0x0

Heap:
 garbage-first heap   total 131072K, used 0K [0x0000000081a00000, 0x0000000100000000)
  region size 1024K, 0 young (0K), 0 survivors (0K)
 Metaspace       used 0K, capacity 0K, committed 0K, reserved 0K
  class space    used 0K, capacity 0K, committed 0K, reserved 0K

Heap Regions: E=young(eden), S=young(survivor), O=old, HS=humongous(starts), HC=humongous(continues), CS=collection set, F=free, OA=open archive, CA=closed archive, TAMS=top-at-mark-start (previous, next)

Card table byte_map: [0x0000020c72ed0000,0x0000020c732d0000] _byte_map_base: 0x0000020c72ac3000

Marking Bits (Prev, Next): (CMBitMap*) 0x0000020c6a5aa460, (CMBitMap*) 0x0000020c6a5aa4a0
 Prev Bits: [0x0000020c736d0000, 0x0000020c75668000)
 Next Bits: [0x0000020c75670000, 0x0000020c77608000)

GC Heap History (0 events):
No events

Deoptimization events (0 events):
No events

Classes unloaded (0 events):
No events

Classes redefined (0 events):
No events

Internal exceptions (0 events):
No events

Events (1 events):
Event: 0.014 Loaded shared library C:\Program Files\Java\jdk-15\bin\java.dll


Dynamic libraries:
0x00007ff7bdd90000 - 0x00007ff7bdd9f000 	C:\Program Files\Java\jdk-15\bin\java.exe
0x00007ffdbe5c0000 - 0x00007ffdbe7b0000 	C:\WINDOWS\SYSTEM32\ntdll.dll
0x00007ffdbcb90000 - 0x00007ffdbcc42000 	C:\WINDOWS\System32\KERNEL32.DLL
0x00007ffdbb5f0000 - 0x00007ffdbb895000 	C:\WINDOWS\System32\KERNELBASE.dll
0x00007ffdbb970000 - 0x00007ffdbba6a000 	C:\WINDOWS\System32\ucrtbase.dll
0x00007ffdabec0000 - 0x00007ffdabed8000 	C:\Program Files\Java\jdk-15\bin\jli.dll
0x00007ffdb4620000 - 0x00007ffdb4639000 	C:\Program Files\Java\jdk-15\bin\VCRUNTIME140.dll
0x00007ffdbc680000 - 0x00007ffdbc723000 	C:\WINDOWS\System32\ADVAPI32.dll
0x00007ffdbd410000 - 0x00007ffdbd4ae000 	C:\WINDOWS\System32\msvcrt.dll
0x00007ffdbd510000 - 0x00007ffdbd5a7000 	C:\WINDOWS\System32\sechost.dll
0x00007ffdbd5b0000 - 0x00007ffdbd6d0000 	C:\WINDOWS\System32\RPCRT4.dll
0x00007ffdbe150000 - 0x00007ffdbe2e4000 	C:\WINDOWS\System32\USER32.dll
0x00007ffdbb5c0000 - 0x00007ffdbb5e1000 	C:\WINDOWS\System32\win32u.dll
0x00007ffdbcab0000 - 0x00007ffdbcad6000 	C:\WINDOWS\System32\GDI32.dll
0x00007ffd9caf0000 - 0x00007ffd9cd74000 	C:\WINDOWS\WinSxS\amd64_microsoft.windows.common-controls_6595b64144ccf1df_6.0.18362.1256_none_9e7e379be45e40e2\COMCTL32.dll
0x00007ffdbc420000 - 0x00007ffdbc5b6000 	C:\WINDOWS\System32\gdi32full.dll
0x00007ffdbcc50000 - 0x00007ffdbcf86000 	C:\WINDOWS\System32\combase.dll
0x00007ffdbb8d0000 - 0x00007ffdbb96e000 	C:\WINDOWS\System32\msvcp_win.dll
0x00007ffdbb530000 - 0x00007ffdbb5b1000 	C:\WINDOWS\System32\bcryptPrimitives.dll
0x00007ffdb17d0000 - 0x00007ffdb17da000 	C:\WINDOWS\SYSTEM32\VERSION.dll
0x00007ffdbe550000 - 0x00007ffdbe57e000 	C:\WINDOWS\System32\IMM32.DLL
0x00007ffdb4610000 - 0x00007ffdb461c000 	C:\Program Files\Java\jdk-15\bin\vcruntime140_1.dll
0x00007ffda80c0000 - 0x00007ffda8151000 	C:\Program Files\Java\jdk-15\bin\msvcp140.dll
0x00007ffd71a10000 - 0x00007ffd7256e000 	C:\Program Files\Java\jdk-15\bin\server\jvm.dll
0x00007ffdbc730000 - 0x00007ffdbc738000 	C:\WINDOWS\System32\PSAPI.DLL
0x00007ffd9cda0000 - 0x00007ffd9cda9000 	C:\WINDOWS\SYSTEM32\WSOCK32.dll
0x00007ffdb8e40000 - 0x00007ffdb8e64000 	C:\WINDOWS\SYSTEM32\WINMM.dll
0x00007ffdbe2f0000 - 0x00007ffdbe35f000 	C:\WINDOWS\System32\WS2_32.dll
0x00007ffdb8e10000 - 0x00007ffdb8e3d000 	C:\WINDOWS\SYSTEM32\winmmbase.dll
0x00007ffdbba70000 - 0x00007ffdbbaba000 	C:\WINDOWS\System32\cfgmgr32.dll
0x00007ffdbb490000 - 0x00007ffdbb4a1000 	C:\WINDOWS\System32\kernel.appcore.dll
0x00007ffdabeb0000 - 0x00007ffdabeba000 	C:\Program Files\Java\jdk-15\bin\jimage.dll
0x00007ffdb42f0000 - 0x00007ffdb44e4000 	C:\WINDOWS\SYSTEM32\DBGHELP.DLL
0x00007ffda7100000 - 0x00007ffda712a000 	C:\WINDOWS\SYSTEM32\dbgcore.DLL
0x00007ffdabea0000 - 0x00007ffdabeae000 	C:\Program Files\Java\jdk-15\bin\instrument.dll
0x00007ffda8090000 - 0x00007ffda80b5000 	C:\Program Files\Java\jdk-15\bin\java.dll

dbghelp: loaded successfully - version: 4.0.5 - missing functions: none
symbol engine: initialized successfully - sym options: 0x614 - pdb path: .;C:\Program Files\Java\jdk-15\bin;C:\WINDOWS\SYSTEM32;C:\WINDOWS\WinSxS\amd64_microsoft.windows.common-controls_6595b64144ccf1df_6.0.18362.1256_none_9e7e379be45e40e2;C:\Program Files\Java\jdk-15\bin\server

VM Arguments:
jvm_args: -ea -Didea.test.cyclic.buffer.size=1048576 -javaagent:D:\Program Files\JetBrains\IntelliJ IDEA 2020.3.1\lib\idea_rt.jar=59130:D:\Program Files\JetBrains\IntelliJ IDEA 2020.3.1\bin -Dfile.encoding=UTF-8 
java_command: com.intellij.rt.junit.JUnitStarter -ideVersion5 -junit4 com.bjpowernode.StudentTest,studentTest
java_class_path (initial): D:\Program Files\JetBrains\IntelliJ IDEA 2020.3.1\lib\idea_rt.jar;D:\Program Files\JetBrains\IntelliJ IDEA 2020.3.1\plugins\junit\lib\junit5-rt.jar;D:\Program Files\JetBrains\IntelliJ IDEA 2020.3.1\plugins\junit\lib\junit-rt.jar;D:\JAVAlearn\course\ch02-mybatis-second\target\test-classes;D:\JAVAlearn\course\ch02-mybatis-second\target\classes;D:\work\maven_work\repository\junit\junit\4.11\junit-4.11.jar;D:\work\maven_work\repository\org\hamcrest\hamcrest-core\1.3\hamcrest-core-1.3.jar;D:\work\maven_work\repository\org\mybatis\mybatis\3.5.1\mybatis-3.5.1.jar;D:\work\maven_work\repository\mysql\mysql-connector-java\5.1.9\mysql-connector-java-5.1.9.jar
Launcher Type: SUN_STANDARD

[Global flags]
     intx CICompilerCount                          = 4                                         {product} {ergonomic}
     uint ConcGCThreads                            = 2                                         {product} {ergonomic}
     uint G1ConcRefinementThreads                  = 8                                         {product} {ergonomic}
   size_t G1HeapRegionSize                         = 1048576                                   {product} {ergonomic}
    uintx GCDrainStackTargetSize                   = 64                                        {product} {ergonomic}
   size_t InitialHeapSize                          = 134217728                                 {product} {ergonomic}
   size_t MarkStackSize                            = 4194304                                   {product} {ergonomic}
   size_t MaxHeapSize                              = 2120220672                                {product} {ergonomic}
   size_t MinHeapDeltaBytes                        = 1048576                                   {product} {ergonomic}
   size_t MinHeapSize                              = 8388608                                   {product} {ergonomic}
    uintx NonNMethodCodeHeapSize                   = 5839372                                {pd product} {ergonomic}
    uintx NonProfiledCodeHeapSize                  = 122909434                              {pd product} {ergonomic}
    uintx ProfiledCodeHeapSize                     = 122909434                              {pd product} {ergonomic}
    uintx ReservedCodeCacheSize                    = 251658240                              {pd product} {ergonomic}
     bool SegmentedCodeCache                       = true                                      {product} {ergonomic}
   size_t SoftMaxHeapSize                          = 2120220672                             {manageable} {ergonomic}
     bool UseCompressedClassPointers               = true                                 {lp64_product} {ergonomic}
     bool UseCompressedOops                        = true                                 {lp64_product} {ergonomic}
     bool UseG1GC                                  = true                                      {product} {ergonomic}
     bool UseLargePagesIndividualAllocation        = false                                  {pd product} {ergonomic}

Logging:
Log output configuration:
 #0: stdout all=warning uptime,level,tags
 #1: stderr all=off uptime,level,tags

Environment Variables:
JAVA_HOME=C:\Program Files\Java\jdk-15
CLASSPATH=C:\Tomcat-9.0.0.M17\lib\servlet-api.jar
PATH=C:\Program Files\Common Files\Oracle\Java\javapath;C:\Program Files (x86)\Intel\iCLS Client\;C:\Program Files\Intel\iCLS Client\;C:\windows\system32;C:\windows;C:\windows\System32\Wbem;C:\windows\System32\WindowsPowerShell\v1.0\;C:\Program Files (x86)\NVIDIA Corporation\PhysX\Common;C:\Program Files\Intel\WiFi\bin\;C:\Program Files\Common Files\Intel\WirelessCommon\;C:\Program Files (x86)\Intel\Intel(R) Management Engine Components\DAL;C:\Program Files\Intel\Intel(R) Management Engine Components\DAL;C:\Program Files (x86)\Intel\Intel(R) Management Engine Components\IPT;C:\Program Files\Intel\Intel(R) Management Engine Components\IPT;C:\WINDOWS\system32;C:\WINDOWS;C:\WINDOWS\System32\Wbem;C:\WINDOWS\System32\WindowsPowerShell\v1.0\;C:\WINDOWS\System32\OpenSSH\;C:\Program Files\Java\jdk-15\bin;C:\Program Files (x86)\MySQL\MySQL Server 5.5\bin;D:\JAVAlearn\course\JavaProjects\06JBDC\resources\MySql Connector Java 5.1.23\mysql-connector-java-5.1.23-bin;C:\Users\曾是少年\AppData\Local\Microsoft\WindowsApps;D:\Program Files\JetBrains\IntelliJ IDEA 2020.3\bin;;C:\Tomcat-9.0.0.M17\bin;C:\Tomcat-9.0.0.M17\bin;
USERNAME=曾是少年
OS=Windows_NT
PROCESSOR_IDENTIFIER=Intel64 Family 6 Model 142 Stepping 10, GenuineIntel



---------------  S Y S T E M  ---------------

OS:
 Windows 10 , 64 bit Build 18362 (10.0.18362.1110)
OS uptime: 0 days 12:12 hours

CPU: total 8 (initial active 8) (4 cores per cpu, 2 threads per core) family 6 model 142 stepping 10 microcode 0x96, cmov, cx8, fxsr, mmx, sse, sse2, sse3, ssse3, sse4.1, sse4.2, popcnt, vzeroupper, avx, avx2, aes, clmul, erms, 3dnowpref, lzcnt, ht, tsc, tscinvbit, bmi1, bmi2, adx, fma, clflush, clflushopt

Memory: 4k page, system-wide physical 8087M (655M free)
TotalPageFile size 12183M (AvailPageFile size 70M)
current process WorkingSet (physical memory assigned to process): 10M, peak: 10M
current process commit charge ("private bytes"): 60M, peak: 188M

vm_info: Java HotSpot(TM) 64-Bit Server VM (15.0.1+9-18) for windows-amd64 JRE (15.0.1+9-18), built on Sep 15 2020 14:43:54 by "mach5one" with unknown MS VC++:1925

END.
